# JRE version: OpenJDK Runtime Environment (8.0_152-b06) (build 1.8.0_152-release-1136-b06)
# Java VM: OpenJDK 64-Bit Server VM (25.152-b06 mixed mode linux-amd64 compressed oops)
Heap:
 PSYoungGen      total 452096K, used 9438K [0x00000000e0000000, 0x0000000100000000, 0x0000000100000000)
  eden space 400384K, 0% used [0x00000000e0000000,0x00000000e0000000,0x00000000f8700000)
  from space 51712K, 18% used [0x00000000fcd80000,0x00000000fd6b7a98,0x0000000100000000)
  to   space 61952K, 0% used [0x00000000f8700000,0x00000000f8700000,0x00000000fc380000)
 ParOldGen       total 291840K, used 275282K [0x00000000a0000000, 0x00000000b1d00000, 0x00000000e0000000)
  object space 291840K, 94% used [0x00000000a0000000,0x00000000b0cd4ba0,0x00000000b1d00000)
 Metaspace       used 121425K, capacity 127445K, committed 127704K, reserved 1161216K
  class space    used 15199K, capacity 16359K, committed 16384K, reserved 1048576K
GC Heap History (10 events):
Event: 365.951 GC heap after
Heap after GC invocations=23 (full 4):
 PSYoungGen      total 472576K, used 18646K [0x00000000e0000000, 0x0000000100000000, 0x0000000100000000)
  eden space 421376K, 0% used [0x00000000e0000000,0x00000000e0000000,0x00000000f9b80000)
  from space 51200K, 36% used [0x00000000fcb00000,0x00000000fdd35b40,0x00000000ffd00000)
  to   space 48640K, 0% used [0x00000000f9b80000,0x00000000f9b80000,0x00000000fcb00000)
 ParOldGen       total 291840K, used 216578K [0x00000000a0000000, 0x00000000b1d00000, 0x00000000e0000000)
  object space 291840K, 74% used [0x00000000a0000000,0x00000000ad380a60,0x00000000b1d00000)
 Metaspace       used 105792K, capacity 110115K, committed 110296K, reserved 1144832K
  class space    used 13451K, capacity 14299K, committed 14336K, reserved 1048576K
}
Event: 512.479 GC heap before
{Heap before GC invocations=24 (full 4):
 PSYoungGen      total 472576K, used 440022K [0x00000000e0000000, 0x0000000100000000, 0x0000000100000000)
  eden space 421376K, 100% used [0x00000000e0000000,0x00000000f9b80000,0x00000000f9b80000)
  from space 51200K, 36% used [0x00000000fcb00000,0x00000000fdd35b40,0x00000000ffd00000)
  to   space 48640K, 0% used [0x00000000f9b80000,0x00000000f9b80000,0x00000000fcb00000)
 ParOldGen       total 291840K, used 216578K [0x00000000a0000000, 0x00000000b1d00000, 0x00000000e0000000)
  object space 291840K, 74% used [0x00000000a0000000,0x00000000ad380a60,0x00000000b1d00000)
 Metaspace       used 109910K, capacity 114823K, committed 115032K, reserved 1148928K
  class space    used 13914K, capacity 14882K, committed 14976K, reserved 1048576K
Event: 512.508 GC heap after
Heap after GC invocations=24 (full 4):
 PSYoungGen      total 470016K, used 8545K [0x00000000e0000000, 0x00000000ffc80000, 0x0000000100000000)
  eden space 421376K, 0% used [0x00000000e0000000,0x00000000e0000000,0x00000000f9b80000)
  from space 48640K, 17% used [0x00000000f9b80000,0x00000000fa3d86b0,0x00000000fcb00000)
  to   space 48128K, 0% used [0x00000000fcd80000,0x00000000fcd80000,0x00000000ffc80000)
 ParOldGen       total 291840K, used 232538K [0x00000000a0000000, 0x00000000b1d00000, 0x00000000e0000000)
  object space 291840K, 79% used [0x00000000a0000000,0x00000000ae316a90,0x00000000b1d00000)
 Metaspace       used 109910K, capacity 114823K, committed 115032K, reserved 1148928K
  class space    used 13914K, capacity 14882K, committed 14976K, reserved 1048576K
}
Event: 591.343 GC heap before
{Heap before GC invocations=25 (full 4):
 PSYoungGen      total 470016K, used 429921K [0x00000000e0000000, 0x00000000ffc80000, 0x0000000100000000)
  eden space 421376K, 100% used [0x00000000e0000000,0x00000000f9b80000,0x00000000f9b80000)
  from space 48640K, 17% used [0x00000000f9b80000,0x00000000fa3d86b0,0x00000000fcb00000)
  to   space 48128K, 0% used [0x00000000fcd80000,0x00000000fcd80000,0x00000000ffc80000)
 ParOldGen       total 291840K, used 232538K [0x00000000a0000000, 0x00000000b1d00000, 0x00000000e0000000)
  object space 291840K, 79% used [0x00000000a0000000,0x00000000ae316a90,0x00000000b1d00000)
 Metaspace       used 114396K, capacity 120249K, committed 120408K, reserved 1155072K
  class space    used 14500K, capacity 15625K, committed 15744K, reserved 1048576K
Event: 591.384 GC heap after
Heap after GC invocations=25 (full 4):
 PSYoungGen      total 473088K, used 26847K [0x00000000e0000000, 0x00000000ffe80000, 0x0000000100000000)
  eden space 424960K, 0% used [0x00000000e0000000,0x00000000e0000000,0x00000000f9f00000)
  from space 48128K, 55% used [0x00000000fcd80000,0x00000000fe7b7e08,0x00000000ffc80000)
  to   space 47616K, 0% used [0x00000000f9f00000,0x00000000f9f00000,0x00000000fcd80000)
 ParOldGen       total 291840K, used 232546K [0x00000000a0000000, 0x00000000b1d00000, 0x00000000e0000000)
  object space 291840K, 79% used [0x00000000a0000000,0x00000000ae318a90,0x00000000b1d00000)
 Metaspace       used 114396K, capacity 120249K, committed 120408K, reserved 1155072K
  class space    used 14500K, capacity 15625K, committed 15744K, reserved 1048576K
}
Event: 595.267 GC heap before
{Heap before GC invocations=26 (full 4):
 PSYoungGen      total 473088K, used 451807K [0x00000000e0000000, 0x00000000ffe80000, 0x0000000100000000)
  eden space 424960K, 100% used [0x00000000e0000000,0x00000000f9f00000,0x00000000f9f00000)
  from space 48128K, 55% used [0x00000000fcd80000,0x00000000fe7b7e08,0x00000000ffc80000)
  to   space 47616K, 0% used [0x00000000f9f00000,0x00000000f9f00000,0x00000000fcd80000)
 ParOldGen       total 291840K, used 232546K [0x00000000a0000000, 0x00000000b1d00000, 0x00000000e0000000)
  object space 291840K, 79% used [0x00000000a0000000,0x00000000ae318a90,0x00000000b1d00000)
 Metaspace       used 120125K, capacity 126087K, committed 126296K, reserved 1159168K
  class space    used 15077K, capacity 16256K, committed 16256K, reserved 1048576K
Event: 595.328 GC heap after
Heap after GC invocations=26 (full 4):
 PSYoungGen      total 472576K, used 47590K [0x00000000e0000000, 0x0000000100000000, 0x0000000100000000)
  eden space 424960K, 0% used [0x00000000e0000000,0x00000000e0000000,0x00000000f9f00000)
  from space 47616K, 99% used [0x00000000f9f00000,0x00000000fcd79870,0x00000000fcd80000)
  to   space 51712K, 0% used [0x00000000fcd80000,0x00000000fcd80000,0x0000000100000000)
 ParOldGen       total 291840K, used 253592K [0x00000000a0000000, 0x00000000b1d00000, 0x00000000e0000000)
  object space 291840K, 86% used [0x00000000a0000000,0x00000000af7a61b0,0x00000000b1d00000)
 Metaspace       used 120125K, capacity 126087K, committed 126296K, reserved 1159168K
  class space    used 15077K, capacity 16256K, committed 16256K, reserved 1048576K
}
Event: 596.373 GC heap before
{Heap before GC invocations=27 (full 4):
 PSYoungGen      total 472576K, used 471535K [0x00000000e0000000, 0x0000000100000000, 0x0000000100000000)
  eden space 424960K, 99% used [0x00000000e0000000,0x00000000f9e02708,0x00000000f9f00000)
  from space 47616K, 99% used [0x00000000f9f00000,0x00000000fcd79870,0x00000000fcd80000)
  to   space 51712K, 0% used [0x00000000fcd80000,0x00000000fcd80000,0x0000000100000000)
 ParOldGen       total 291840K, used 253592K [0x00000000a0000000, 0x00000000b1d00000, 0x00000000e0000000)
  object space 291840K, 86% used [0x00000000a0000000,0x00000000af7a61b0,0x00000000b1d00000)
 Metaspace       used 121425K, capacity 127445K, committed 127704K, reserved 1161216K
  class space    used 15199K, capacity 16359K, committed 16384K, reserved 1048576K
Event: 596.406 GC heap after
Heap after GC invocations=27 (full 4):
 PSYoungGen      total 452096K, used 9438K [0x00000000e0000000, 0x0000000100000000, 0x0000000100000000)
  eden space 400384K, 0% used [0x00000000e0000000,0x00000000e0000000,0x00000000f8700000)
  from space 51712K, 18% used [0x00000000fcd80000,0x00000000fd6b7a98,0x0000000100000000)
  to   space 61952K, 0% used [0x00000000f8700000,0x00000000f8700000,0x00000000fc380000)
 ParOldGen       total 291840K, used 275282K [0x00000000a0000000, 0x00000000b1d00000, 0x00000000e0000000)
  object space 291840K, 94% used [0x00000000a0000000,0x00000000b0cd4ba0,0x00000000b1d00000)
 Metaspace       used 121425K, capacity 127445K, committed 127704K, reserved 1161216K
  class space    used 15199K, capacity 16359K, committed 16384K, reserved 1048576K
}
Event: 596.406 GC heap before
{Heap before GC invocations=28 (full 5):
 PSYoungGen      total 452096K, used 9438K [0x00000000e0000000, 0x0000000100000000, 0x0000000100000000)
  eden space 400384K, 0% used [0x00000000e0000000,0x00000000e0000000,0x00000000f8700000)
  from space 51712K, 18% used [0x00000000fcd80000,0x00000000fd6b7a98,0x0000000100000000)
  to   space 61952K, 0% used [0x00000000f8700000,0x00000000f8700000,0x00000000fc380000)
 ParOldGen       total 291840K, used 275282K [0x00000000a0000000, 0x00000000b1d00000, 0x00000000e0000000)
  object space 291840K, 94% used [0x00000000a0000000,0x00000000b0cd4ba0,0x00000000b1d00000)
 Metaspace       used 121425K, capacity 127445K, committed 127704K, reserved 1161216K
  class space    used 15199K, capacity 16359K, committed 16384K, reserved 1048576K

